<?xml version="1.0" encoding="UTF-8"?>
<coverage generated="1611613686035" clover="3.2.0">
  <project timestamp="1611613686035" name="All files">
    <metrics statements="53" coveredstatements="53" conditionals="18" coveredconditionals="18" methods="8" coveredmethods="8" elements="79" coveredelements="79" complexity="0" loc="53" ncloc="53" packages="1" files="2" classes="2"/>
    <file name="node.js" path="D:\proyects\Microverse\JS\JavaScript_data_structures_and_algorithms\linkList\node.js">
      <metrics statements="2" coveredstatements="2" conditionals="0" coveredconditionals="0" methods="1" coveredmethods="1"/>
      <line num="3" count="39" type="stmt"/>
      <line num="4" count="39" type="stmt"/>
    </file>
    <file name="singleLinkList.js" path="D:\proyects\Microverse\JS\JavaScript_data_structures_and_algorithms\linkList\singleLinkList.js">
      <metrics statements="51" coveredstatements="51" conditionals="18" coveredconditionals="18" methods="7" coveredmethods="7"/>
      <line num="5" count="20" type="stmt"/>
      <line num="6" count="20" type="stmt"/>
      <line num="7" count="20" type="stmt"/>
      <line num="11" count="32" type="stmt"/>
      <line num="12" count="32" type="cond" truecount="2" falsecount="0"/>
      <line num="13" count="13" type="stmt"/>
      <line num="14" count="13" type="stmt"/>
      <line num="16" count="19" type="stmt"/>
      <line num="17" count="19" type="stmt"/>
      <line num="19" count="32" type="stmt"/>
      <line num="20" count="32" type="stmt"/>
      <line num="24" count="4" type="cond" truecount="2" falsecount="0"/>
      <line num="25" count="3" type="stmt"/>
      <line num="26" count="3" type="stmt"/>
      <line num="27" count="3" type="stmt"/>
      <line num="28" count="3" type="stmt"/>
      <line num="29" count="3" type="stmt"/>
      <line num="31" count="3" type="stmt"/>
      <line num="32" count="3" type="stmt"/>
      <line num="33" count="3" type="stmt"/>
      <line num="34" count="3" type="cond" truecount="2" falsecount="0"/>
      <line num="35" count="1" type="stmt"/>
      <line num="36" count="1" type="stmt"/>
      <line num="38" count="3" type="stmt"/>
      <line num="42" count="4" type="cond" truecount="2" falsecount="0"/>
      <line num="43" count="3" type="stmt"/>
      <line num="44" count="3" type="stmt"/>
      <line num="45" count="3" type="stmt"/>
      <line num="46" count="3" type="cond" truecount="2" falsecount="0"/>
      <line num="47" count="2" type="stmt"/>
      <line num="48" count="2" type="stmt"/>
      <line num="50" count="3" type="stmt"/>
      <line num="54" count="7" type="stmt"/>
      <line num="55" count="7" type="cond" truecount="2" falsecount="0"/>
      <line num="56" count="5" type="stmt"/>
      <line num="57" count="5" type="stmt"/>
      <line num="59" count="2" type="stmt"/>
      <line num="60" count="2" type="stmt"/>
      <line num="62" count="7" type="stmt"/>
      <line num="63" count="7" type="stmt"/>
      <line num="67" count="8" type="cond" truecount="4" falsecount="0"/>
      <line num="68" count="4" type="stmt"/>
      <line num="69" count="4" type="stmt"/>
      <line num="70" count="4" type="stmt"/>
      <line num="71" count="11" type="stmt"/>
      <line num="72" count="11" type="stmt"/>
      <line num="74" count="4" type="stmt"/>
      <line num="78" count="4" type="stmt"/>
      <line num="79" count="4" type="cond" truecount="2" falsecount="0"/>
      <line num="80" count="2" type="stmt"/>
      <line num="81" count="2" type="stmt"/>
    </file>
  </project>
</coverage>
