<?xml version="1.0" encoding="UTF-8"?>
<coverage generated="1611849744486" clover="3.2.0">
  <project timestamp="1611849744487" name="All files">
    <metrics statements="13" coveredstatements="11" conditionals="2" coveredconditionals="1" methods="3" coveredmethods="3" elements="18" coveredelements="15" complexity="0" loc="13" ncloc="13" packages="2" files="2" classes="2"/>
    <package name="Queue">
      <metrics statements="11" coveredstatements="9" conditionals="2" coveredconditionals="1" methods="2" coveredmethods="2"/>
      <file name="Queue.js" path="D:\proyects\Microverse\JS\JavaScript_data_structures_and_algorithms\Queue\Queue.js">
        <metrics statements="11" coveredstatements="9" conditionals="2" coveredconditionals="1" methods="2" coveredmethods="2"/>
        <line num="5" count="2" type="stmt"/>
        <line num="6" count="2" type="stmt"/>
        <line num="7" count="2" type="stmt"/>
        <line num="11" count="2" type="stmt"/>
        <line num="12" count="2" type="cond" truecount="1" falsecount="1"/>
        <line num="13" count="2" type="stmt"/>
        <line num="14" count="2" type="stmt"/>
        <line num="16" count="0" type="stmt"/>
        <line num="17" count="0" type="stmt"/>
        <line num="19" count="2" type="stmt"/>
        <line num="20" count="2" type="stmt"/>
      </file>
    </package>
    <package name="linkList">
      <metrics statements="2" coveredstatements="2" conditionals="0" coveredconditionals="0" methods="1" coveredmethods="1"/>
      <file name="node.js" path="D:\proyects\Microverse\JS\JavaScript_data_structures_and_algorithms\linkList\node.js">
        <metrics statements="2" coveredstatements="2" conditionals="0" coveredconditionals="0" methods="1" coveredmethods="1"/>
        <line num="3" count="2" type="stmt"/>
        <line num="4" count="2" type="stmt"/>
      </file>
    </package>
  </project>
</coverage>
