{"D:\\proyects\\Microverse\\JS\\JavaScript_data_structures_and_algorithms\\linkList\\node.js": {"path":"D:\\proyects\\Microverse\\JS\\JavaScript_data_structures_and_algorithms\\linkList\\node.js","statementMap":{"0":{"start":{"line":3,"column":4},"end":{"line":3,"column":19}},"1":{"start":{"line":4,"column":4},"end":{"line":4,"column":21}}},"fnMap":{"0":{"name":"(anonymous_0)","decl":{"start":{"line":2,"column":2},"end":{"line":2,"column":3}},"loc":{"start":{"line":2,"column":19},"end":{"line":5,"column":3}},"line":2}},"branchMap":{},"s":{"0":12,"1":12},"f":{"0":12},"b":{},"_coverageSchema":"1a1c01bbd47fc00a2c39e90264f33305004495a9","hash":"3de07c82196c8b5d7ef7366921786b51d4efda68"}
,"D:\\proyects\\Microverse\\JS\\JavaScript_data_structures_and_algorithms\\linkList\\singleLinkList.js": {"path":"D:\\proyects\\Microverse\\JS\\JavaScript_data_structures_and_algorithms\\linkList\\singleLinkList.js","statementMap":{"0":{"start":{"line":5,"column":4},"end":{"line":5,"column":21}},"1":{"start":{"line":6,"column":4},"end":{"line":6,"column":21}},"2":{"start":{"line":7,"column":4},"end":{"line":7,"column":20}},"3":{"start":{"line":11,"column":20},"end":{"line":11,"column":33}},"4":{"start":{"line":12,"column":4},"end":{"line":18,"column":5}},"5":{"start":{"line":13,"column":6},"end":{"line":13,"column":26}},"6":{"start":{"line":14,"column":6},"end":{"line":14,"column":28}},"7":{"start":{"line":16,"column":6},"end":{"line":16,"column":31}},"8":{"start":{"line":17,"column":6},"end":{"line":17,"column":26}},"9":{"start":{"line":19,"column":4},"end":{"line":19,"column":21}},"10":{"start":{"line":20,"column":4},"end":{"line":20,"column":16}},"11":{"start":{"line":24,"column":4},"end":{"line":24,"column":37}},"12":{"start":{"line":24,"column":20},"end":{"line":24,"column":37}},"13":{"start":{"line":25,"column":18},"end":{"line":25,"column":27}},"14":{"start":{"line":26,"column":18},"end":{"line":26,"column":25}},"15":{"start":{"line":27,"column":4},"end":{"line":30,"column":5}},"16":{"start":{"line":28,"column":6},"end":{"line":28,"column":24}},"17":{"start":{"line":29,"column":6},"end":{"line":29,"column":29}},"18":{"start":{"line":31,"column":4},"end":{"line":31,"column":24}},"19":{"start":{"line":32,"column":4},"end":{"line":32,"column":26}},"20":{"start":{"line":33,"column":4},"end":{"line":33,"column":21}},"21":{"start":{"line":34,"column":4},"end":{"line":37,"column":5}},"22":{"start":{"line":35,"column":6},"end":{"line":35,"column":23}},"23":{"start":{"line":36,"column":6},"end":{"line":36,"column":23}},"24":{"start":{"line":38,"column":4},"end":{"line":38,"column":19}}},"fnMap":{"0":{"name":"(anonymous_0)","decl":{"start":{"line":4,"column":2},"end":{"line":4,"column":3}},"loc":{"start":{"line":4,"column":16},"end":{"line":8,"column":3}},"line":4},"1":{"name":"(anonymous_1)","decl":{"start":{"line":10,"column":2},"end":{"line":10,"column":3}},"loc":{"start":{"line":10,"column":12},"end":{"line":21,"column":3}},"line":10},"2":{"name":"(anonymous_2)","decl":{"start":{"line":23,"column":2},"end":{"line":23,"column":3}},"loc":{"start":{"line":23,"column":8},"end":{"line":39,"column":3}},"line":23}},"branchMap":{"0":{"loc":{"start":{"line":12,"column":4},"end":{"line":18,"column":5}},"type":"if","locations":[{"start":{"line":12,"column":4},"end":{"line":18,"column":5}},{"start":{"line":12,"column":4},"end":{"line":18,"column":5}}],"line":12},"1":{"loc":{"start":{"line":24,"column":4},"end":{"line":24,"column":37}},"type":"if","locations":[{"start":{"line":24,"column":4},"end":{"line":24,"column":37}},{"start":{"line":24,"column":4},"end":{"line":24,"column":37}}],"line":24},"2":{"loc":{"start":{"line":34,"column":4},"end":{"line":37,"column":5}},"type":"if","locations":[{"start":{"line":34,"column":4},"end":{"line":37,"column":5}},{"start":{"line":34,"column":4},"end":{"line":37,"column":5}}],"line":34}},"s":{"0":7,"1":7,"2":7,"3":12,"4":12,"5":6,"6":6,"7":6,"8":6,"9":12,"10":12,"11":4,"12":1,"13":3,"14":3,"15":3,"16":3,"17":3,"18":3,"19":3,"20":3,"21":3,"22":1,"23":1,"24":3},"f":{"0":7,"1":12,"2":4},"b":{"0":[6,6],"1":[1,3],"2":[1,2]},"_coverageSchema":"1a1c01bbd47fc00a2c39e90264f33305004495a9","hash":"e02e1a13e67f8718c30b0d2473c3592abf7dac75"}
}
