TN:
SF:linkList\node.js
FN:2,(anonymous_0)
FNF:1
FNH:1
FNDA:16,(anonymous_0)
DA:3,16
DA:4,16
LF:2
LH:2
BRF:0
BRH:0
end_of_record
TN:
SF:linkList\singleLinkList.js
FN:4,(anonymous_0)
FN:10,(anonymous_1)
FN:23,(anonymous_2)
FN:41,(anonymous_3)
FNF:4
FNH:4
FNDA:11,(anonymous_0)
FNDA:16,(anonymous_1)
FNDA:4,(anonymous_2)
FNDA:4,(anonymous_3)
DA:5,11
DA:6,11
DA:7,11
DA:11,16
DA:12,16
DA:13,9
DA:14,9
DA:16,7
DA:17,7
DA:19,16
DA:20,16
DA:24,4
DA:25,3
DA:26,3
DA:27,3
DA:28,3
DA:29,3
DA:31,3
DA:32,3
DA:33,3
DA:34,3
DA:35,1
DA:36,1
DA:38,3
DA:42,4
DA:43,3
DA:44,3
DA:45,3
DA:46,3
DA:47,2
DA:48,2
DA:50,3
LF:32
LH:32
BRDA:12,0,0,9
BRDA:12,0,1,7
BRDA:24,1,0,1
BRDA:24,1,1,3
BRDA:34,2,0,1
BRDA:34,2,1,2
BRDA:42,3,0,1
BRDA:42,3,1,3
BRDA:46,4,0,2
BRDA:46,4,1,1
BRF:10
BRH:10
end_of_record
