TN:
SF:linkList\node.js
FN:2,(anonymous_0)
FNF:1
FNH:1
FNDA:25,(anonymous_0)
DA:3,25
DA:4,25
LF:2
LH:2
BRF:0
BRH:0
end_of_record
TN:
SF:linkList\singleLinkList.js
FN:4,(anonymous_0)
FN:10,(anonymous_1)
FN:23,(anonymous_2)
FN:41,(anonymous_3)
FN:53,(anonymous_4)
FN:66,(anonymous_5)
FNF:6
FNH:6
FNDA:17,(anonymous_0)
FNDA:18,(anonymous_1)
FNDA:4,(anonymous_2)
FNDA:4,(anonymous_3)
FNDA:7,(anonymous_4)
FNDA:3,(anonymous_5)
DA:5,17
DA:6,17
DA:7,17
DA:11,18
DA:12,18
DA:13,10
DA:14,10
DA:16,8
DA:17,8
DA:19,18
DA:20,18
DA:24,4
DA:25,3
DA:26,3
DA:27,3
DA:28,3
DA:29,3
DA:31,3
DA:32,3
DA:33,3
DA:34,3
DA:35,1
DA:36,1
DA:38,3
DA:42,4
DA:43,3
DA:44,3
DA:45,3
DA:46,3
DA:47,2
DA:48,2
DA:50,3
DA:54,7
DA:55,7
DA:56,5
DA:57,5
DA:59,2
DA:60,2
DA:62,7
DA:63,7
DA:67,3
DA:68,1
DA:69,1
DA:70,1
DA:71,1
DA:72,1
DA:73,1
DA:75,1
LF:48
LH:48
BRDA:12,0,0,10
BRDA:12,0,1,8
BRDA:24,1,0,1
BRDA:24,1,1,3
BRDA:34,2,0,1
BRDA:34,2,1,2
BRDA:42,3,0,1
BRDA:42,3,1,3
BRDA:46,4,0,2
BRDA:46,4,1,1
BRDA:55,5,0,5
BRDA:55,5,1,2
BRDA:67,6,0,2
BRDA:67,6,1,1
BRDA:67,7,0,3
BRDA:67,7,1,2
BRF:16
BRH:16
end_of_record
